<?xml version="1.0" encoding="UTF-8"?>
<!-- Generated by org.testng.reporters.JUnitReportReporter -->
<testsuite hostname="Abhijith" failures="0" tests="1" name="computers.TC_DWS_010_Test" time="2.924" errors="0" timestamp="2025-05-31T15:44:28 IST" skipped="0">
  <testcase classname="computers.TC_DWS_010_Test" name="clickOnComputers" time="2.924"/>
</testsuite> <!-- computers.TC_DWS_010_Test -->
